
Memory Configuration

Name             Origin             Length             Attributes
Mem              0x00000000         0x04000000         xrw
*default*        0x00000000         0xffffffff

Linker script and memory map

                0x00010000                . = 0x10000

.startup        0x00010000       0x10
 startup.o(.text)
 .text          0x00010000       0x10 startup.o
                0x00010000                reset

.text           0x00010010       0x70
 *(.text)
 .text          0x00010010       0x20 application.o
                0x00010010                main
 .text          0x00010030       0x50 uart.o
                0x00010030                uart_send_string

.rodata         0x00010080       0x64
 .rodata        0x00010080       0x64 application.o
                0x00010080                string_buffer2

.glue_7         0x000100e4        0x0
 .glue_7        0x00000000        0x0 linker stubs

.glue_7t        0x000100e4        0x0
 .glue_7t       0x00000000        0x0 linker stubs

.vfp11_veneer   0x000100e4        0x0
 .vfp11_veneer  0x00000000        0x0 linker stubs

.v4_bx          0x000100e4        0x0
 .v4_bx         0x00000000        0x0 linker stubs

.iplt           0x000100e4        0x0
 .iplt          0x00000000        0x0 startup.o

.rel.dyn        0x000100e4        0x0
 .rel.iplt      0x00000000        0x0 startup.o

.bss            0x000100e4        0x0
 *(.bss)
 .bss           0x000100e4        0x0 startup.o
 .bss           0x000100e4        0x0 application.o
 .bss           0x000100e4        0x0 uart.o

.data           0x000100e4       0x64
 *(.data)
 .data          0x000100e4        0x0 startup.o
 .data          0x000100e4       0x64 application.o
                0x000100e4                string_buffer1
 .data          0x00010148        0x0 uart.o
                0x00011148                . = (. + 0x1000)
                0x00011148                stack_top = .
LOAD application.o
LOAD startup.o
LOAD uart.o
OUTPUT(learn.elf elf32-littlearm)

.igot.plt       0x00010148        0x0 load address 0x00011148
 .igot.plt      0x00000000        0x0 startup.o

.ARM.attributes
                0x00000000       0x2e
 .ARM.attributes
                0x00000000       0x22 startup.o
 .ARM.attributes
                0x00000022       0x30 application.o
 .ARM.attributes
                0x00000052       0x30 uart.o

.comment        0x00000000       0x11
 .comment       0x00000000       0x11 application.o
                                 0x12 (size before relaxing)
 .comment       0x00000000       0x12 uart.o

.debug_line     0x00000000       0xb4
 .debug_line    0x00000000       0x3a startup.o
 .debug_line    0x0000003a       0x3d application.o
 .debug_line    0x00000077       0x3d uart.o

.debug_info     0x00000000      0x13e
 .debug_info    0x00000000       0x5f startup.o
 .debug_info    0x0000005f       0x83 application.o
 .debug_info    0x000000e2       0x5c uart.o

.debug_abbrev   0x00000000       0xc6
 .debug_abbrev  0x00000000       0x14 startup.o
 .debug_abbrev  0x00000014       0x61 application.o
 .debug_abbrev  0x00000075       0x51 uart.o

.debug_aranges  0x00000000       0x60
 .debug_aranges
                0x00000000       0x20 startup.o
 .debug_aranges
                0x00000020       0x20 application.o
 .debug_aranges
                0x00000040       0x20 uart.o

.debug_loc      0x00000000       0x58
 .debug_loc     0x00000000       0x2c application.o
 .debug_loc     0x0000002c       0x2c uart.o

.debug_str      0x00000000       0x9e
 .debug_str     0x00000000       0x81 application.o
 .debug_str     0x00000081       0x1d uart.o
                                 0x64 (size before relaxing)

.debug_frame    0x00000000       0x54
 .debug_frame   0x00000000       0x2c application.o
 .debug_frame   0x0000002c       0x28 uart.o
