21:52:19 **** Incremental Build of configuration Debug for project Lect8_pointers ****
Info: Internal Builder is used for build
gcc -O0 -g3 -Wall -c -fmessage-length=0 -o "src\\Lect8_pointers.o" "..\\src\\Lect8_pointers.c" 
..\src\Lect8_pointers.c: In function 'task1':
..\src\Lect8_pointers.c:21:30: warning: format '%d' expects argument of type 'int', but argument 2 has type 'int *' [-Wformat=]
  printf("Variable Address : %d\n",&x);
                              ^
..\src\Lect8_pointers.c:23:28: warning: format '%d' expects argument of type 'int', but argument 2 has type 'int **' [-Wformat=]
  printf("Pointer address :%d\n",&ptr);
                            ^
..\src\Lect8_pointers.c:24:28: warning: format '%d' expects argument of type 'int', but argument 2 has type 'int *' [-Wformat=]
  printf("Variable address %d\n", ptr);
                            ^
..\src\Lect8_pointers.c:27:30: warning: format '%d' expects argument of type 'int', but argument 2 has type 'int *' [-Wformat=]
  printf("Variable Address : %d\n",&x);
                              ^
..\src\Lect8_pointers.c: In function 'task3':
..\src\Lect8_pointers.c:46:14: warning: implicit declaration of function 'strlen' [-Wimplicit-function-declaration]
  char size = strlen(s);
              ^~~~~~
..\src\Lect8_pointers.c:46:14: warning: incompatible implicit declaration of built-in function 'strlen'
..\src\Lect8_pointers.c:46:14: note: include '<string.h>' or provide a declaration of 'strlen'
gcc -o Lect8_pointers.exe "src\\Lect8_pointers.o" 

21:52:20 Build Finished (took 761ms)

